Plugins:
Bundled analyzers:
  - Python Code Quality and Security 4.19.0.15616 (python)
  - Clean as You Code 2.3.0.1782 (cayc)
  - XML Code Quality and Security 2.10.0.4108 (xml)
  - JaCoCo 1.3.0.1538 (jacoco)
  - IaC Code Quality and Security 1.31.0.10579 (iac)
  - Text Code Quality and Security 2.12.1.2905 (text)
Global server settings:
  - sonar.azureresourcemanager.file.suffixes=.bicep
  - sonar.core.id=A7EE8CF2-AZItLoZZiu4LMOSDMLA9
  - sonar.core.startTime=2025-12-15T17:04:05+0100
  - sonar.cs.file.suffixes=.cs,.razor
  - sonar.css.file.suffixes=.css,.less,.scss,.sass
  - sonar.docker.file.patterns=Dockerfile,*.dockerfile
  - sonar.flex.file.suffixes=as
  - sonar.forceAuthentication=true
  - sonar.go.file.suffixes=.go
  - sonar.html.file.suffixes=.html,.xhtml,.cshtml,.vbhtml,.aspx,.ascx,.rhtml,.erb,.shtm,.shtml,.cmp,.twig
  - sonar.java.file.suffixes=.java,.jav
  - sonar.java.springconfig.file.patterns=**/src/main/resources/**/application*.properties,**/src/main/resources/**/application*.yaml,**/src/main/resources/**/application*.yml
  - sonar.javascript.file.suffixes=.js,.jsx,.cjs,.mjs,.vue
  - sonar.json.file.suffixes=.json
  - sonar.jsp.file.suffixes=.jsp,.jspf,.jspx
  - sonar.kotlin.file.suffixes=.kt,.kts
  - sonar.php.file.suffixes=php,php3,php4,php5,phtml,inc
  - sonar.python.file.suffixes=py
  - sonar.qualityProfiles.allowDisableInheritedRules=true
  - sonar.ruby.file.suffixes=.rb
  - sonar.scala.file.suffixes=.scala
  - sonar.terraform.file.suffixes=.tf
  - sonar.typescript.file.suffixes=.ts,.tsx,.cts,.mts
  - sonar.vbnet.file.suffixes=.vb
  - sonar.xml.file.suffixes=.xml,.xsd,.xsl,.config
  - sonar.yaml.file.suffixes=.yaml,.yml
Project server settings:
  - sonar.azureresourcemanager.file.suffixes=.bicep
  - sonar.cs.file.suffixes=.cs,.razor
  - sonar.css.file.suffixes=.css,.less,.scss,.sass
  - sonar.docker.file.patterns=Dockerfile,*.dockerfile
  - sonar.flex.file.suffixes=as
  - sonar.go.file.suffixes=.go
  - sonar.html.file.suffixes=.html,.xhtml,.cshtml,.vbhtml,.aspx,.ascx,.rhtml,.erb,.shtm,.shtml,.cmp,.twig
  - sonar.java.file.suffixes=.java,.jav
  - sonar.java.springconfig.file.patterns=**/src/main/resources/**/application*.properties,**/src/main/resources/**/application*.yaml,**/src/main/resources/**/application*.yml
  - sonar.javascript.file.suffixes=.js,.jsx,.cjs,.mjs,.vue
  - sonar.json.file.suffixes=.json
  - sonar.jsp.file.suffixes=.jsp,.jspf,.jspx
  - sonar.kotlin.file.suffixes=.kt,.kts
  - sonar.php.file.suffixes=php,php3,php4,php5,phtml,inc
  - sonar.python.file.suffixes=py
  - sonar.ruby.file.suffixes=.rb
  - sonar.scala.file.suffixes=.scala
  - sonar.terraform.file.suffixes=.tf
  - sonar.typescript.file.suffixes=.ts,.tsx,.cts,.mts
  - sonar.vbnet.file.suffixes=.vb
  - sonar.xml.file.suffixes=.xml,.xsd,.xsl,.config
  - sonar.yaml.file.suffixes=.yaml,.yml
Project scanner properties:
  - sonar.coverage.jacoco.xmlReportPaths=target/site/jacoco/jacoco.xml
  - sonar.host.url=http://seralu4.esi.uclm.es:1521/
  - sonar.java.binaries=target/classes
  - sonar.java.test.binaries=target/test-classes
  - sonar.projectBaseDir=D:\Cuarto\ESIMEDIA_G1\esimedia
  - sonar.projectKey=2025-g02-backend
  - sonar.projectName=2025-g02-backend
  - sonar.projectVersion=1.0.0
  - sonar.scanner.apiBaseUrl=http://seralu4.esi.uclm.es:1521/api/v2
  - sonar.scanner.app=ScannerCLI
  - sonar.scanner.appVersion=7.2.0.5079
  - sonar.scanner.arch=amd64
  - sonar.scanner.bootstrapStartTime=1765908413212
  - sonar.scanner.home=D:\Cuarto\sonar-scanner-7.2.0.5079-windows-x64\bin\..
  - sonar.scanner.os=windows
  - sonar.scanner.truststorePassword=changeit
  - sonar.scanner.truststorePath=D:\Cuarto\sonar-scanner-7.2.0.5079-windows-x64\jre\lib\security\cacerts
  - sonar.scanner.wasEngineCacheHit=true
  - sonar.scanner.wasJreCacheHit=HIT
  - sonar.sourceEncoding=UTF-8
  - sonar.sources=src/main/java
  - sonar.test.inclusions=**/*Test.java,**/*Tests.java,**/*TestCase.java
  - sonar.tests=src/test/java
  - sonar.token=******
  - sonar.working.directory=D:\Cuarto\ESIMEDIA_G1\esimedia\.scannerwork
